cp (FAILED) =
  org.opentest4j.AssertionFailedError:
    Property check failed with sample {[0]}


|--result--|
  status | FAILED
  failure | org.opentest4j.AssertionFailedError
  # tries | [tries]
  # checks | [checks]

|--parameters--|
  validation | STRICT
  generation | SMART (RANDOMIZED)
  max tries | 100
  max runtime | PT10M
  shrinking | FULL
  edge cases | MIXIN
  concurrency | SINGLE_THREAD
  seed | [seed1]


Original Falsified Sample
-------------------------
  arg-0: -426349905

Smallest Falsified Sample (3 steps)
-----------------------------------
  arg-0: 0
